<?xml version="1.0" encoding="UTF-8"?>
<testsuites name="Lab4" time="30.279" tests="7" failures="0" errors="0">
   <testsuite name="Lab4" tests="7" failures="0" errors="0" time="30.279" skipped="0" timestamp="21-03-2024T12:12:52" hostname="user - DangKhoa" id="Test Suites/Lab4_NguyenTruongDangKhoa/Lab4">
      <properties>
         <property name="deviceName" value=""/>
         <property name="devicePlatform" value=""/>
         <property name="logFolder" value="D:\\katalon\\Lab4\\Lab4_46.01.104.086\\Reports\\20240321_121249\\Lab4_NguyenTruongDangKhoa\\Lab4\\20240321_121250"/>
         <property name="logFiles" value="D:\\katalon\\Lab4\\Lab4_46.01.104.086\\Reports\\20240321_121249\\Lab4_NguyenTruongDangKhoa\\Lab4\\20240321_121250\\execution0.log"/>
         <property name="attachments" value=""/>
         <property name="hostName" value="user - DangKhoa"/>
         <property name="os" value="Windows 11 64bit"/>
         <property name="katalonVersion" value="9.3.1.212"/>
         <property name="browser" value="Chrome 122.0.0.0"/>
         <property name="hostAddress" value="192.168.1.5"/>
         <property name="sessionId" value="6f816d6b4c2afbacdc41bcdbd3c38923"/>
         <property name="seleniumVersion" value="3.141.59"/>
         <property name="proxyInformation" value="ProxyInformation { proxyOption=NO_PROXY, proxyServerType=HTTP, username=, password=********, proxyServerAddress=, proxyServerPort=0, executionList=&quot;&quot;, isApplyToDesiredCapabilities=true }"/>
         <property name="platform" value="Windows 11"/>
      </properties>
      <testcase name="Test Cases/Lab4/Lab4" time="5.063" classname="Test Cases/Lab4/Lab4" status="PASSED">
         <system-out><![CDATA[21-03-2024T12:12:52 - [TEST_CASE][PASSED] - Test Cases/Lab4/Lab4: Test Cases/Lab4/Lab4

21-03-2024T12:12:53 - [TEST_STEP][PASSED] - openBrowser(""): Browser is opened with url: ''

21-03-2024T12:12:53 - [MESSAGE][INFO] - Starting 'Chrome' driver

21-03-2024T12:12:53 - [MESSAGE][INFO] - Action delay is set to 0 milliseconds

21-03-2024T12:12:54 - [MESSAGE][PASSED] - Browser is opened with url: ''

21-03-2024T12:12:54 - [TEST_STEP][PASSED] - navigateToUrl("https://www.saucedemo.com/"): Navigate to 'https://www.saucedemo.com/' successfully

21-03-2024T12:12:54 - [MESSAGE][PASSED] - Navigate to 'https://www.saucedemo.com/' successfully

21-03-2024T12:12:54 - [TEST_STEP][PASSED] - setText(findTestObject("Object Repository/Login Lab4/Page_Swag Labs/input_Swag Labs_user-name"), Username): Text '' is set on object 'Object Repository/Login Lab4/Page_Swag Labs/input_Swag Labs_user-name'

21-03-2024T12:12:57 - [MESSAGE][PASSED] - Text '' is set on object 'Object Repository/Login Lab4/Page_Swag Labs/input_Swag Labs_user-name'

21-03-2024T12:12:57 - [TEST_STEP][PASSED] - setEncryptedText(findTestObject("Object Repository/Login Lab4/Page_Swag Labs/input_Swag Labs_password"), Password): Text ****** has been set on object 'Object Repository/Login Lab4/Page_Swag Labs/input_Swag Labs_password'

21-03-2024T12:12:57 - [MESSAGE][PASSED] - Text ****** has been set on object 'Object Repository/Login Lab4/Page_Swag Labs/input_Swag Labs_password'

21-03-2024T12:12:57 - [TEST_STEP][PASSED] - click(findTestObject("Object Repository/Login Lab4/Page_Swag Labs/input_Swag Labs_login-button")): Object: 'Object Repository/Login Lab4/Page_Swag Labs/input_Swag Labs_login-button' is clicked on

21-03-2024T12:12:57 - [MESSAGE][PASSED] - Object: 'Object Repository/Login Lab4/Page_Swag Labs/input_Swag Labs_login-button' is clicked on

21-03-2024T12:12:57 - [TEST_STEP][PASSED] - closeBrowser(): Browser is closed

21-03-2024T12:12:57 - [MESSAGE][PASSED] - Browser is closed]]></system-out>
         <system-err><![CDATA[]]></system-err>
      </testcase>
      <testcase name="Test Cases/Lab4/Lab4" time="4.162" classname="Test Cases/Lab4/Lab4" status="PASSED">
         <system-out><![CDATA[21-03-2024T12:12:57 - [TEST_CASE][PASSED] - Test Cases/Lab4/Lab4: Test Cases/Lab4/Lab4

21-03-2024T12:12:57 - [TEST_STEP][PASSED] - openBrowser(""): Browser is opened with url: ''

21-03-2024T12:12:57 - [MESSAGE][INFO] - Starting 'Chrome' driver

21-03-2024T12:12:57 - [MESSAGE][INFO] - Action delay is set to 0 milliseconds

21-03-2024T12:12:58 - [MESSAGE][PASSED] - Browser is opened with url: ''

21-03-2024T12:12:58 - [TEST_STEP][PASSED] - navigateToUrl("https://www.saucedemo.com/"): Navigate to 'https://www.saucedemo.com/' successfully

21-03-2024T12:12:59 - [MESSAGE][PASSED] - Navigate to 'https://www.saucedemo.com/' successfully

21-03-2024T12:12:59 - [TEST_STEP][PASSED] - setText(findTestObject("Object Repository/Login Lab4/Page_Swag Labs/input_Swag Labs_user-name"), Username): Text 'standard_user' is set on object 'Object Repository/Login Lab4/Page_Swag Labs/input_Swag Labs_user-name'

21-03-2024T12:13:01 - [MESSAGE][PASSED] - Text 'standard_user' is set on object 'Object Repository/Login Lab4/Page_Swag Labs/input_Swag Labs_user-name'

21-03-2024T12:13:01 - [TEST_STEP][PASSED] - setEncryptedText(findTestObject("Object Repository/Login Lab4/Page_Swag Labs/input_Swag Labs_password"), Password): Text ****** has been set on object 'Object Repository/Login Lab4/Page_Swag Labs/input_Swag Labs_password'

21-03-2024T12:13:01 - [MESSAGE][PASSED] - Text ****** has been set on object 'Object Repository/Login Lab4/Page_Swag Labs/input_Swag Labs_password'

21-03-2024T12:13:01 - [TEST_STEP][PASSED] - click(findTestObject("Object Repository/Login Lab4/Page_Swag Labs/input_Swag Labs_login-button")): Object: 'Object Repository/Login Lab4/Page_Swag Labs/input_Swag Labs_login-button' is clicked on

21-03-2024T12:13:01 - [MESSAGE][PASSED] - Object: 'Object Repository/Login Lab4/Page_Swag Labs/input_Swag Labs_login-button' is clicked on

21-03-2024T12:13:01 - [TEST_STEP][PASSED] - closeBrowser(): Browser is closed

21-03-2024T12:13:02 - [MESSAGE][PASSED] - Browser is closed]]></system-out>
         <system-err><![CDATA[]]></system-err>
      </testcase>
      <testcase name="Test Cases/Lab4/Lab4" time="4.141" classname="Test Cases/Lab4/Lab4" status="PASSED">
         <system-out><![CDATA[21-03-2024T12:13:02 - [TEST_CASE][PASSED] - Test Cases/Lab4/Lab4: Test Cases/Lab4/Lab4

21-03-2024T12:13:02 - [TEST_STEP][PASSED] - openBrowser(""): Browser is opened with url: ''

21-03-2024T12:13:02 - [MESSAGE][INFO] - Starting 'Chrome' driver

21-03-2024T12:13:02 - [MESSAGE][INFO] - Action delay is set to 0 milliseconds

21-03-2024T12:13:02 - [MESSAGE][PASSED] - Browser is opened with url: ''

21-03-2024T12:13:02 - [TEST_STEP][PASSED] - navigateToUrl("https://www.saucedemo.com/"): Navigate to 'https://www.saucedemo.com/' successfully

21-03-2024T12:13:03 - [MESSAGE][PASSED] - Navigate to 'https://www.saucedemo.com/' successfully

21-03-2024T12:13:03 - [TEST_STEP][PASSED] - setText(findTestObject("Object Repository/Login Lab4/Page_Swag Labs/input_Swag Labs_user-name"), Username): Text '' is set on object 'Object Repository/Login Lab4/Page_Swag Labs/input_Swag Labs_user-name'

21-03-2024T12:13:05 - [MESSAGE][PASSED] - Text '' is set on object 'Object Repository/Login Lab4/Page_Swag Labs/input_Swag Labs_user-name'

21-03-2024T12:13:05 - [TEST_STEP][PASSED] - setEncryptedText(findTestObject("Object Repository/Login Lab4/Page_Swag Labs/input_Swag Labs_password"), Password): Text ****** has been set on object 'Object Repository/Login Lab4/Page_Swag Labs/input_Swag Labs_password'

21-03-2024T12:13:05 - [MESSAGE][PASSED] - Text ****** has been set on object 'Object Repository/Login Lab4/Page_Swag Labs/input_Swag Labs_password'

21-03-2024T12:13:05 - [TEST_STEP][PASSED] - click(findTestObject("Object Repository/Login Lab4/Page_Swag Labs/input_Swag Labs_login-button")): Object: 'Object Repository/Login Lab4/Page_Swag Labs/input_Swag Labs_login-button' is clicked on

21-03-2024T12:13:06 - [MESSAGE][PASSED] - Object: 'Object Repository/Login Lab4/Page_Swag Labs/input_Swag Labs_login-button' is clicked on

21-03-2024T12:13:06 - [TEST_STEP][PASSED] - closeBrowser(): Browser is closed

21-03-2024T12:13:06 - [MESSAGE][PASSED] - Browser is closed]]></system-out>
         <system-err><![CDATA[]]></system-err>
      </testcase>
      <testcase name="Test Cases/Lab4/Lab4" time="4.178" classname="Test Cases/Lab4/Lab4" status="PASSED">
         <system-out><![CDATA[21-03-2024T12:13:06 - [TEST_CASE][PASSED] - Test Cases/Lab4/Lab4: Test Cases/Lab4/Lab4

21-03-2024T12:13:06 - [TEST_STEP][PASSED] - openBrowser(""): Browser is opened with url: ''

21-03-2024T12:13:06 - [MESSAGE][INFO] - Starting 'Chrome' driver

21-03-2024T12:13:06 - [MESSAGE][INFO] - Action delay is set to 0 milliseconds

21-03-2024T12:13:06 - [MESSAGE][PASSED] - Browser is opened with url: ''

21-03-2024T12:13:06 - [TEST_STEP][PASSED] - navigateToUrl("https://www.saucedemo.com/"): Navigate to 'https://www.saucedemo.com/' successfully

21-03-2024T12:13:07 - [MESSAGE][PASSED] - Navigate to 'https://www.saucedemo.com/' successfully

21-03-2024T12:13:07 - [TEST_STEP][PASSED] - setText(findTestObject("Object Repository/Login Lab4/Page_Swag Labs/input_Swag Labs_user-name"), Username): Text 'agggg' is set on object 'Object Repository/Login Lab4/Page_Swag Labs/input_Swag Labs_user-name'

21-03-2024T12:13:09 - [MESSAGE][PASSED] - Text 'agggg' is set on object 'Object Repository/Login Lab4/Page_Swag Labs/input_Swag Labs_user-name'

21-03-2024T12:13:09 - [TEST_STEP][PASSED] - setEncryptedText(findTestObject("Object Repository/Login Lab4/Page_Swag Labs/input_Swag Labs_password"), Password): Text ****** has been set on object 'Object Repository/Login Lab4/Page_Swag Labs/input_Swag Labs_password'

21-03-2024T12:13:10 - [MESSAGE][PASSED] - Text ****** has been set on object 'Object Repository/Login Lab4/Page_Swag Labs/input_Swag Labs_password'

21-03-2024T12:13:10 - [TEST_STEP][PASSED] - click(findTestObject("Object Repository/Login Lab4/Page_Swag Labs/input_Swag Labs_login-button")): Object: 'Object Repository/Login Lab4/Page_Swag Labs/input_Swag Labs_login-button' is clicked on

21-03-2024T12:13:10 - [MESSAGE][PASSED] - Object: 'Object Repository/Login Lab4/Page_Swag Labs/input_Swag Labs_login-button' is clicked on

21-03-2024T12:13:10 - [TEST_STEP][PASSED] - closeBrowser(): Browser is closed

21-03-2024T12:13:10 - [MESSAGE][PASSED] - Browser is closed]]></system-out>
         <system-err><![CDATA[]]></system-err>
      </testcase>
      <testcase name="Test Cases/Lab4/Lab4" time="4.096" classname="Test Cases/Lab4/Lab4" status="PASSED">
         <system-out><![CDATA[21-03-2024T12:13:10 - [TEST_CASE][PASSED] - Test Cases/Lab4/Lab4: Test Cases/Lab4/Lab4

21-03-2024T12:13:10 - [TEST_STEP][PASSED] - openBrowser(""): Browser is opened with url: ''

21-03-2024T12:13:10 - [MESSAGE][INFO] - Starting 'Chrome' driver

21-03-2024T12:13:10 - [MESSAGE][INFO] - Action delay is set to 0 milliseconds

21-03-2024T12:13:10 - [MESSAGE][PASSED] - Browser is opened with url: ''

21-03-2024T12:13:10 - [TEST_STEP][PASSED] - navigateToUrl("https://www.saucedemo.com/"): Navigate to 'https://www.saucedemo.com/' successfully

21-03-2024T12:13:11 - [MESSAGE][PASSED] - Navigate to 'https://www.saucedemo.com/' successfully

21-03-2024T12:13:11 - [TEST_STEP][PASSED] - setText(findTestObject("Object Repository/Login Lab4/Page_Swag Labs/input_Swag Labs_user-name"), Username): Text 'standard_user' is set on object 'Object Repository/Login Lab4/Page_Swag Labs/input_Swag Labs_user-name'

21-03-2024T12:13:13 - [MESSAGE][PASSED] - Text 'standard_user' is set on object 'Object Repository/Login Lab4/Page_Swag Labs/input_Swag Labs_user-name'

21-03-2024T12:13:13 - [TEST_STEP][PASSED] - setEncryptedText(findTestObject("Object Repository/Login Lab4/Page_Swag Labs/input_Swag Labs_password"), Password): Text ****** has been set on object 'Object Repository/Login Lab4/Page_Swag Labs/input_Swag Labs_password'

21-03-2024T12:13:14 - [MESSAGE][PASSED] - Text ****** has been set on object 'Object Repository/Login Lab4/Page_Swag Labs/input_Swag Labs_password'

21-03-2024T12:13:14 - [TEST_STEP][PASSED] - click(findTestObject("Object Repository/Login Lab4/Page_Swag Labs/input_Swag Labs_login-button")): Object: 'Object Repository/Login Lab4/Page_Swag Labs/input_Swag Labs_login-button' is clicked on

21-03-2024T12:13:14 - [MESSAGE][PASSED] - Object: 'Object Repository/Login Lab4/Page_Swag Labs/input_Swag Labs_login-button' is clicked on

21-03-2024T12:13:14 - [TEST_STEP][PASSED] - closeBrowser(): Browser is closed

21-03-2024T12:13:14 - [MESSAGE][PASSED] - Browser is closed]]></system-out>
         <system-err><![CDATA[]]></system-err>
      </testcase>
      <testcase name="Test Cases/Lab4/Lab4" time="4.179" classname="Test Cases/Lab4/Lab4" status="PASSED">
         <system-out><![CDATA[21-03-2024T12:13:14 - [TEST_CASE][PASSED] - Test Cases/Lab4/Lab4: Test Cases/Lab4/Lab4

21-03-2024T12:13:14 - [TEST_STEP][PASSED] - openBrowser(""): Browser is opened with url: ''

21-03-2024T12:13:14 - [MESSAGE][INFO] - Starting 'Chrome' driver

21-03-2024T12:13:14 - [MESSAGE][INFO] - Action delay is set to 0 milliseconds

21-03-2024T12:13:15 - [MESSAGE][PASSED] - Browser is opened with url: ''

21-03-2024T12:13:15 - [TEST_STEP][PASSED] - navigateToUrl("https://www.saucedemo.com/"): Navigate to 'https://www.saucedemo.com/' successfully

21-03-2024T12:13:15 - [MESSAGE][PASSED] - Navigate to 'https://www.saucedemo.com/' successfully

21-03-2024T12:13:15 - [TEST_STEP][PASSED] - setText(findTestObject("Object Repository/Login Lab4/Page_Swag Labs/input_Swag Labs_user-name"), Username): Text 'rrrr' is set on object 'Object Repository/Login Lab4/Page_Swag Labs/input_Swag Labs_user-name'

21-03-2024T12:13:18 - [MESSAGE][PASSED] - Text 'rrrr' is set on object 'Object Repository/Login Lab4/Page_Swag Labs/input_Swag Labs_user-name'

21-03-2024T12:13:18 - [TEST_STEP][PASSED] - setEncryptedText(findTestObject("Object Repository/Login Lab4/Page_Swag Labs/input_Swag Labs_password"), Password): Text ****** has been set on object 'Object Repository/Login Lab4/Page_Swag Labs/input_Swag Labs_password'

21-03-2024T12:13:18 - [MESSAGE][PASSED] - Text ****** has been set on object 'Object Repository/Login Lab4/Page_Swag Labs/input_Swag Labs_password'

21-03-2024T12:13:18 - [TEST_STEP][PASSED] - click(findTestObject("Object Repository/Login Lab4/Page_Swag Labs/input_Swag Labs_login-button")): Object: 'Object Repository/Login Lab4/Page_Swag Labs/input_Swag Labs_login-button' is clicked on

21-03-2024T12:13:18 - [MESSAGE][PASSED] - Object: 'Object Repository/Login Lab4/Page_Swag Labs/input_Swag Labs_login-button' is clicked on

21-03-2024T12:13:18 - [TEST_STEP][PASSED] - closeBrowser(): Browser is closed

21-03-2024T12:13:18 - [MESSAGE][PASSED] - Browser is closed]]></system-out>
         <system-err><![CDATA[]]></system-err>
      </testcase>
      <testcase name="Test Cases/Lab4/Lab4" time="4.269" classname="Test Cases/Lab4/Lab4" status="PASSED">
         <system-out><![CDATA[21-03-2024T12:13:18 - [TEST_CASE][PASSED] - Test Cases/Lab4/Lab4: Test Cases/Lab4/Lab4

21-03-2024T12:13:18 - [TEST_STEP][PASSED] - openBrowser(""): Browser is opened with url: ''

21-03-2024T12:13:18 - [MESSAGE][INFO] - Starting 'Chrome' driver

21-03-2024T12:13:18 - [MESSAGE][INFO] - Action delay is set to 0 milliseconds

21-03-2024T12:13:19 - [MESSAGE][PASSED] - Browser is opened with url: ''

21-03-2024T12:13:19 - [TEST_STEP][PASSED] - navigateToUrl("https://www.saucedemo.com/"): Navigate to 'https://www.saucedemo.com/' successfully

21-03-2024T12:13:20 - [MESSAGE][PASSED] - Navigate to 'https://www.saucedemo.com/' successfully

21-03-2024T12:13:20 - [TEST_STEP][PASSED] - setText(findTestObject("Object Repository/Login Lab4/Page_Swag Labs/input_Swag Labs_user-name"), Username): Text 'standard_user' is set on object 'Object Repository/Login Lab4/Page_Swag Labs/input_Swag Labs_user-name'

21-03-2024T12:13:22 - [MESSAGE][PASSED] - Text 'standard_user' is set on object 'Object Repository/Login Lab4/Page_Swag Labs/input_Swag Labs_user-name'

21-03-2024T12:13:22 - [TEST_STEP][PASSED] - setEncryptedText(findTestObject("Object Repository/Login Lab4/Page_Swag Labs/input_Swag Labs_password"), Password): Text ****** has been set on object 'Object Repository/Login Lab4/Page_Swag Labs/input_Swag Labs_password'

21-03-2024T12:13:22 - [MESSAGE][PASSED] - Text ****** has been set on object 'Object Repository/Login Lab4/Page_Swag Labs/input_Swag Labs_password'

21-03-2024T12:13:22 - [TEST_STEP][PASSED] - click(findTestObject("Object Repository/Login Lab4/Page_Swag Labs/input_Swag Labs_login-button")): Object: 'Object Repository/Login Lab4/Page_Swag Labs/input_Swag Labs_login-button' is clicked on

21-03-2024T12:13:22 - [MESSAGE][PASSED] - Object: 'Object Repository/Login Lab4/Page_Swag Labs/input_Swag Labs_login-button' is clicked on

21-03-2024T12:13:22 - [TEST_STEP][PASSED] - closeBrowser(): Browser is closed

21-03-2024T12:13:22 - [MESSAGE][PASSED] - Browser is closed]]></system-out>
         <system-err><![CDATA[]]></system-err>
      </testcase>
      <system-out><![CDATA[21-03-2024T12:12:52 - [TEST_SUITE][PASSED] - Lab4: Test Cases/Lab4/Lab4]]></system-out>
      <system-err><![CDATA[]]></system-err>
   </testsuite>
</testsuites>
